<?xml version="1.0" encoding="UTF-8"?>
<testng-results skipped="0" failed="2" ignored="0" total="11" passed="9">
  <reporter-output>
    <line>
      <![CDATA[entered into homepage]]>
    </line>
    <line>
      <![CDATA[entered into InputForm]]>
    </line>
    <line>
      <![CDATA[entered into simpleFormDemo_m]]>
    </line>
    <line>
      <![CDATA[entered into inputdataForms_m]]>
    </line>
  </reporter-output>
  <suite name="Suite" duration-ms="113411" started-at="2021-05-09T17:24:56 IST" finished-at="2021-05-09T17:26:50 IST">
    <groups>
    </groups>
    <test name="tc7" duration-ms="34297" started-at="2021-05-09T17:24:56 IST" finished-at="2021-05-09T17:25:31 IST">
      <class name="E2E_project.table_testcase7_SoftAssert">
        <test-method status="PASS" signature="initiation()[pri:0, instance:E2E_project.table_testcase7_SoftAssert@61dd025]" name="initiation" is-config="true" duration-ms="5934" started-at="2021-05-09T17:24:56 IST" finished-at="2021-05-09T17:25:02 IST">
          <reporter-output>
          </reporter-output>
        </test-method> <!-- initiation -->
        <test-method status="PASS" signature="table_SA_tc6_1_m()[pri:0, instance:E2E_project.table_testcase7_SoftAssert@61dd025]" name="table_SA_tc6_1_m" duration-ms="2220" started-at="2021-05-09T17:25:02 IST" finished-at="2021-05-09T17:25:05 IST">
          <reporter-output>
          </reporter-output>
        </test-method> <!-- table_SA_tc6_1_m -->
        <test-method status="PASS" signature="termination()[pri:0, instance:E2E_project.table_testcase7_SoftAssert@61dd025]" name="termination" is-config="true" duration-ms="10186" started-at="2021-05-09T17:25:05 IST" finished-at="2021-05-09T17:25:15 IST">
          <reporter-output>
          </reporter-output>
        </test-method> <!-- termination -->
        <test-method status="PASS" signature="initiation()[pri:0, instance:E2E_project.table_testcase7_SoftAssert@61dd025]" name="initiation" is-config="true" duration-ms="4185" started-at="2021-05-09T17:25:15 IST" finished-at="2021-05-09T17:25:19 IST">
          <reporter-output>
          </reporter-output>
        </test-method> <!-- initiation -->
        <test-method status="PASS" signature="table_SA_tc6_m()[pri:0, instance:E2E_project.table_testcase7_SoftAssert@61dd025]" name="table_SA_tc6_m" duration-ms="1420" started-at="2021-05-09T17:25:19 IST" finished-at="2021-05-09T17:25:20 IST">
          <reporter-output>
          </reporter-output>
        </test-method> <!-- table_SA_tc6_m -->
        <test-method status="PASS" signature="termination()[pri:0, instance:E2E_project.table_testcase7_SoftAssert@61dd025]" name="termination" is-config="true" duration-ms="10267" started-at="2021-05-09T17:25:20 IST" finished-at="2021-05-09T17:25:31 IST">
          <reporter-output>
          </reporter-output>
        </test-method> <!-- termination -->
      </class> <!-- E2E_project.table_testcase7_SoftAssert -->
    </test> <!-- tc7 -->
    <test name="tc2" duration-ms="6766" started-at="2021-05-09T17:25:31 IST" finished-at="2021-05-09T17:25:38 IST">
      <class name="E2E_project.dropDown_testcase2">
        <test-method status="PASS" signature="initiation()[pri:0, instance:E2E_project.dropDown_testcase2@48fa0f47]" name="initiation" is-config="true" duration-ms="4516" started-at="2021-05-09T17:25:31 IST" finished-at="2021-05-09T17:25:36 IST">
          <reporter-output>
          </reporter-output>
        </test-method> <!-- initiation -->
        <test-method status="PASS" signature="dropDown_m()[pri:0, instance:E2E_project.dropDown_testcase2@48fa0f47]" name="dropDown_m" duration-ms="2097" started-at="2021-05-09T17:25:36 IST" finished-at="2021-05-09T17:25:38 IST">
          <reporter-output>
          </reporter-output>
        </test-method> <!-- dropDown_m -->
        <test-method status="PASS" signature="termination()[pri:0, instance:E2E_project.dropDown_testcase2@48fa0f47]" name="termination" is-config="true" duration-ms="149" started-at="2021-05-09T17:25:38 IST" finished-at="2021-05-09T17:25:38 IST">
          <reporter-output>
          </reporter-output>
        </test-method> <!-- termination -->
      </class> <!-- E2E_project.dropDown_testcase2 -->
    </test> <!-- tc2 -->
    <test name="tc6" duration-ms="25527" started-at="2021-05-09T17:25:38 IST" finished-at="2021-05-09T17:26:04 IST">
      <class name="E2E_project.table_testcase6">
        <test-method status="PASS" signature="initiation()[pri:0, instance:E2E_project.table_testcase6@1e802ef9]" name="initiation" is-config="true" duration-ms="4478" started-at="2021-05-09T17:25:38 IST" finished-at="2021-05-09T17:25:43 IST">
          <reporter-output>
          </reporter-output>
        </test-method> <!-- initiation -->
        <test-method status="PASS" signature="table2search_tc6_3_m()[pri:0, instance:E2E_project.table_testcase6@1e802ef9]" name="table2search_tc6_3_m" duration-ms="1740" started-at="2021-05-09T17:25:43 IST" finished-at="2021-05-09T17:25:44 IST">
          <reporter-output>
          </reporter-output>
        </test-method> <!-- table2search_tc6_3_m -->
        <test-method status="PASS" signature="termination()[pri:0, instance:E2E_project.table_testcase6@1e802ef9]" name="termination" is-config="true" duration-ms="289" started-at="2021-05-09T17:25:44 IST" finished-at="2021-05-09T17:25:45 IST">
          <reporter-output>
          </reporter-output>
        </test-method> <!-- termination -->
        <test-method status="PASS" signature="initiation()[pri:0, instance:E2E_project.table_testcase6@1e802ef9]" name="initiation" is-config="true" duration-ms="5203" started-at="2021-05-09T17:25:45 IST" finished-at="2021-05-09T17:25:50 IST">
          <reporter-output>
          </reporter-output>
        </test-method> <!-- initiation -->
        <test-method status="FAIL" signature="table2search_tc6_4_m()[pri:0, instance:E2E_project.table_testcase6@1e802ef9]" name="table2search_tc6_4_m" duration-ms="1737" started-at="2021-05-09T17:25:50 IST" finished-at="2021-05-09T17:25:52 IST">
          <exception class="java.lang.AssertionError">
            <message>
              <![CDATA[expected [larrypt] but found []]]>
            </message>
            <full-stacktrace>
              <![CDATA[java.lang.AssertionError: expected [larrypt] but found []
at org.testng.Assert.fail(Assert.java:99)
at org.testng.Assert.failNotEquals(Assert.java:1037)
at org.testng.Assert.assertEqualsImpl(Assert.java:140)
at org.testng.Assert.assertEquals(Assert.java:122)
at org.testng.Assert.assertEquals(Assert.java:629)
at org.testng.Assert.assertEquals(Assert.java:639)
at E2E_project.table_testcase6.table2search_tc6_4_m(table_testcase6.java:136)
at sun.reflect.NativeMethodAccessorImpl.invoke0(Native Method)
at sun.reflect.NativeMethodAccessorImpl.invoke(NativeMethodAccessorImpl.java:62)
at sun.reflect.DelegatingMethodAccessorImpl.invoke(DelegatingMethodAccessorImpl.java:43)
at java.lang.reflect.Method.invoke(Method.java:498)
at org.testng.internal.MethodInvocationHelper.invokeMethod(MethodInvocationHelper.java:132)
at org.testng.internal.TestInvoker.invokeMethod(TestInvoker.java:599)
at org.testng.internal.TestInvoker.invokeTestMethod(TestInvoker.java:174)
at org.testng.internal.MethodRunner.runInSequence(MethodRunner.java:46)
at org.testng.internal.TestInvoker$MethodInvocationAgent.invoke(TestInvoker.java:822)
at org.testng.internal.TestInvoker.invokeTestMethods(TestInvoker.java:147)
at org.testng.internal.TestMethodWorker.invokeTestMethods(TestMethodWorker.java:146)
at org.testng.internal.TestMethodWorker.run(TestMethodWorker.java:128)
at java.util.ArrayList.forEach(ArrayList.java:1257)
at org.testng.TestRunner.privateRun(TestRunner.java:764)
at org.testng.TestRunner.run(TestRunner.java:585)
at org.testng.SuiteRunner.runTest(SuiteRunner.java:384)
at org.testng.SuiteRunner.runSequentially(SuiteRunner.java:378)
at org.testng.SuiteRunner.privateRun(SuiteRunner.java:337)
at org.testng.SuiteRunner.run(SuiteRunner.java:286)
at org.testng.SuiteRunnerWorker.runSuite(SuiteRunnerWorker.java:53)
at org.testng.SuiteRunnerWorker.run(SuiteRunnerWorker.java:96)
at org.testng.TestNG.runSuitesSequentially(TestNG.java:1218)
at org.testng.TestNG.runSuitesLocally(TestNG.java:1140)
at org.testng.TestNG.runSuites(TestNG.java:1069)
at org.testng.TestNG.run(TestNG.java:1037)
at org.testng.remote.AbstractRemoteTestNG.run(AbstractRemoteTestNG.java:115)
at org.testng.remote.RemoteTestNG.initAndRun(RemoteTestNG.java:251)
at org.testng.remote.RemoteTestNG.main(RemoteTestNG.java:77)
]]>
            </full-stacktrace>
          </exception> <!-- java.lang.AssertionError -->
          <reporter-output>
          </reporter-output>
        </test-method> <!-- table2search_tc6_4_m -->
        <test-method status="PASS" signature="termination()[pri:0, instance:E2E_project.table_testcase6@1e802ef9]" name="termination" is-config="true" duration-ms="153" started-at="2021-05-09T17:25:52 IST" finished-at="2021-05-09T17:25:52 IST">
          <reporter-output>
          </reporter-output>
        </test-method> <!-- termination -->
        <test-method status="PASS" signature="initiation()[pri:0, instance:E2E_project.table_testcase6@1e802ef9]" name="initiation" is-config="true" duration-ms="4688" started-at="2021-05-09T17:25:52 IST" finished-at="2021-05-09T17:25:56 IST">
          <reporter-output>
          </reporter-output>
        </test-method> <!-- initiation -->
        <test-method status="PASS" signature="table_tc6_1_m()[pri:0, instance:E2E_project.table_testcase6@1e802ef9]" name="table_tc6_1_m" duration-ms="1042" started-at="2021-05-09T17:25:56 IST" finished-at="2021-05-09T17:25:57 IST">
          <reporter-output>
          </reporter-output>
        </test-method> <!-- table_tc6_1_m -->
        <test-method status="PASS" signature="termination()[pri:0, instance:E2E_project.table_testcase6@1e802ef9]" name="termination" is-config="true" duration-ms="221" started-at="2021-05-09T17:25:57 IST" finished-at="2021-05-09T17:25:58 IST">
          <reporter-output>
          </reporter-output>
        </test-method> <!-- termination -->
        <test-method status="PASS" signature="initiation()[pri:0, instance:E2E_project.table_testcase6@1e802ef9]" name="initiation" is-config="true" duration-ms="4671" started-at="2021-05-09T17:25:58 IST" finished-at="2021-05-09T17:26:02 IST">
          <reporter-output>
          </reporter-output>
        </test-method> <!-- initiation -->
        <test-method status="FAIL" signature="table_tc6_2_m()[pri:0, instance:E2E_project.table_testcase6@1e802ef9]" name="table_tc6_2_m" duration-ms="1127" started-at="2021-05-09T17:26:02 IST" finished-at="2021-05-09T17:26:03 IST">
          <exception class="java.lang.AssertionError">
            <message>
              <![CDATA[Browser Issues is expected. expected [true] but found [false]]]>
            </message>
            <full-stacktrace>
              <![CDATA[java.lang.AssertionError: Browser Issues is expected. expected [true] but found [false]
at org.testng.Assert.fail(Assert.java:99)
at org.testng.Assert.failNotEquals(Assert.java:1037)
at org.testng.Assert.assertTrue(Assert.java:45)
at E2E_project.table_testcase6.table_tc6_2_m(table_testcase6.java:64)
at sun.reflect.NativeMethodAccessorImpl.invoke0(Native Method)
at sun.reflect.NativeMethodAccessorImpl.invoke(NativeMethodAccessorImpl.java:62)
at sun.reflect.DelegatingMethodAccessorImpl.invoke(DelegatingMethodAccessorImpl.java:43)
at java.lang.reflect.Method.invoke(Method.java:498)
at org.testng.internal.MethodInvocationHelper.invokeMethod(MethodInvocationHelper.java:132)
at org.testng.internal.TestInvoker.invokeMethod(TestInvoker.java:599)
at org.testng.internal.TestInvoker.invokeTestMethod(TestInvoker.java:174)
at org.testng.internal.MethodRunner.runInSequence(MethodRunner.java:46)
at org.testng.internal.TestInvoker$MethodInvocationAgent.invoke(TestInvoker.java:822)
at org.testng.internal.TestInvoker.invokeTestMethods(TestInvoker.java:147)
at org.testng.internal.TestMethodWorker.invokeTestMethods(TestMethodWorker.java:146)
at org.testng.internal.TestMethodWorker.run(TestMethodWorker.java:128)
at java.util.ArrayList.forEach(ArrayList.java:1257)
at org.testng.TestRunner.privateRun(TestRunner.java:764)
at org.testng.TestRunner.run(TestRunner.java:585)
at org.testng.SuiteRunner.runTest(SuiteRunner.java:384)
at org.testng.SuiteRunner.runSequentially(SuiteRunner.java:378)
at org.testng.SuiteRunner.privateRun(SuiteRunner.java:337)
at org.testng.SuiteRunner.run(SuiteRunner.java:286)
at org.testng.SuiteRunnerWorker.runSuite(SuiteRunnerWorker.java:53)
at org.testng.SuiteRunnerWorker.run(SuiteRunnerWorker.java:96)
at org.testng.TestNG.runSuitesSequentially(TestNG.java:1218)
at org.testng.TestNG.runSuitesLocally(TestNG.java:1140)
at org.testng.TestNG.runSuites(TestNG.java:1069)
at org.testng.TestNG.run(TestNG.java:1037)
at org.testng.remote.AbstractRemoteTestNG.run(AbstractRemoteTestNG.java:115)
at org.testng.remote.RemoteTestNG.initAndRun(RemoteTestNG.java:251)
at org.testng.remote.RemoteTestNG.main(RemoteTestNG.java:77)
]]>
            </full-stacktrace>
          </exception> <!-- java.lang.AssertionError -->
          <reporter-output>
          </reporter-output>
        </test-method> <!-- table_tc6_2_m -->
        <test-method status="PASS" signature="termination()[pri:0, instance:E2E_project.table_testcase6@1e802ef9]" name="termination" is-config="true" duration-ms="157" started-at="2021-05-09T17:26:03 IST" finished-at="2021-05-09T17:26:04 IST">
          <reporter-output>
          </reporter-output>
        </test-method> <!-- termination -->
      </class> <!-- E2E_project.table_testcase6 -->
    </test> <!-- tc6 -->
    <test name="tc3" duration-ms="8724" started-at="2021-05-09T17:26:04 IST" finished-at="2021-05-09T17:26:12 IST">
      <class name="E2E_project.inputFormSubmit_testcase3">
        <test-method status="PASS" signature="initiation()[pri:0, instance:E2E_project.inputFormSubmit_testcase3@1ed1993a]" name="initiation" is-config="true" duration-ms="4441" started-at="2021-05-09T17:26:04 IST" finished-at="2021-05-09T17:26:08 IST">
          <reporter-output>
          </reporter-output>
        </test-method> <!-- initiation -->
        <test-method status="PASS" signature="inputFormSubmit_tc3_m()[pri:0, instance:E2E_project.inputFormSubmit_testcase3@1ed1993a]" name="inputFormSubmit_tc3_m" duration-ms="4107" started-at="2021-05-09T17:26:08 IST" finished-at="2021-05-09T17:26:12 IST">
          <reporter-output>
          </reporter-output>
        </test-method> <!-- inputFormSubmit_tc3_m -->
        <test-method status="PASS" signature="termination()[pri:0, instance:E2E_project.inputFormSubmit_testcase3@1ed1993a]" name="termination" is-config="true" duration-ms="174" started-at="2021-05-09T17:26:12 IST" finished-at="2021-05-09T17:26:12 IST">
          <reporter-output>
          </reporter-output>
        </test-method> <!-- termination -->
      </class> <!-- E2E_project.inputFormSubmit_testcase3 -->
    </test> <!-- tc3 -->
    <test name="tc1" duration-ms="7923" started-at="2021-05-09T17:26:13 IST" finished-at="2021-05-09T17:26:21 IST">
      <class name="E2E_project.inputform_testcase1">
        <test-method status="PASS" signature="initiation()[pri:0, instance:E2E_project.inputform_testcase1@60d8c9b7]" name="initiation" is-config="true" duration-ms="4526" started-at="2021-05-09T17:26:13 IST" finished-at="2021-05-09T17:26:17 IST">
          <reporter-output>
          </reporter-output>
        </test-method> <!-- initiation -->
        <test-method status="PASS" signature="selectInputForm1()[pri:0, instance:E2E_project.inputform_testcase1@60d8c9b7]" name="selectInputForm1" duration-ms="3227" started-at="2021-05-09T17:26:17 IST" finished-at="2021-05-09T17:26:20 IST">
          <reporter-output>
            <line>
              <![CDATA[entered into homepage]]>
            </line>
            <line>
              <![CDATA[entered into InputForm]]>
            </line>
            <line>
              <![CDATA[entered into simpleFormDemo_m]]>
            </line>
            <line>
              <![CDATA[entered into inputdataForms_m]]>
            </line>
          </reporter-output>
        </test-method> <!-- selectInputForm1 -->
        <test-method status="PASS" signature="termination()[pri:0, instance:E2E_project.inputform_testcase1@60d8c9b7]" name="termination" is-config="true" duration-ms="167" started-at="2021-05-09T17:26:20 IST" finished-at="2021-05-09T17:26:21 IST">
          <reporter-output>
          </reporter-output>
        </test-method> <!-- termination -->
      </class> <!-- E2E_project.inputform_testcase1 -->
    </test> <!-- tc1 -->
    <test name="tc5" duration-ms="19329" started-at="2021-05-09T17:26:21 IST" finished-at="2021-05-09T17:26:40 IST">
      <class name="E2E_project.javaScript_testcase5">
        <test-method status="PASS" signature="initiation()[pri:0, instance:E2E_project.javaScript_testcase5@65466a6a]" name="initiation" is-config="true" duration-ms="4978" started-at="2021-05-09T17:26:21 IST" finished-at="2021-05-09T17:26:26 IST">
          <reporter-output>
          </reporter-output>
        </test-method> <!-- initiation -->
        <test-method status="PASS" signature="javaScript_testcase5_m()[pri:0, instance:E2E_project.javaScript_testcase5@65466a6a]" name="javaScript_testcase5_m" duration-ms="4188" started-at="2021-05-09T17:26:26 IST" finished-at="2021-05-09T17:26:30 IST">
          <reporter-output>
          </reporter-output>
        </test-method> <!-- javaScript_testcase5_m -->
        <test-method status="PASS" signature="termination()[pri:0, instance:E2E_project.javaScript_testcase5@65466a6a]" name="termination" is-config="true" duration-ms="10159" started-at="2021-05-09T17:26:30 IST" finished-at="2021-05-09T17:26:40 IST">
          <reporter-output>
          </reporter-output>
        </test-method> <!-- termination -->
      </class> <!-- E2E_project.javaScript_testcase5 -->
    </test> <!-- tc5 -->
    <test name="tc4" duration-ms="9591" started-at="2021-05-09T17:26:40 IST" finished-at="2021-05-09T17:26:50 IST">
      <class name="E2E_project.actionClass_testcase4">
        <test-method status="PASS" signature="initiation()[pri:0, instance:E2E_project.actionClass_testcase4@79b06cab]" name="initiation" is-config="true" duration-ms="5174" started-at="2021-05-09T17:26:40 IST" finished-at="2021-05-09T17:26:45 IST">
          <reporter-output>
          </reporter-output>
        </test-method> <!-- initiation -->
        <test-method status="PASS" signature="actionClass_tc4_m()[pri:0, instance:E2E_project.actionClass_testcase4@79b06cab]" name="actionClass_tc4_m" duration-ms="4241" started-at="2021-05-09T17:26:45 IST" finished-at="2021-05-09T17:26:50 IST">
          <reporter-output>
          </reporter-output>
        </test-method> <!-- actionClass_tc4_m -->
        <test-method status="PASS" signature="termination()[pri:0, instance:E2E_project.actionClass_testcase4@79b06cab]" name="termination" is-config="true" duration-ms="174" started-at="2021-05-09T17:26:50 IST" finished-at="2021-05-09T17:26:50 IST">
          <reporter-output>
          </reporter-output>
        </test-method> <!-- termination -->
      </class> <!-- E2E_project.actionClass_testcase4 -->
    </test> <!-- tc4 -->
  </suite> <!-- Suite -->
</testng-results>
