<?xml version="1.0" encoding="UTF-8"?>
<!-- Generated by org.testng.reporters.JUnitXMLReporter -->
<testsuite hostname="IN2321829W2" name="Test" tests="5" failures="1" timestamp="1 May 2021 16:54:01 GMT" time="143.813" errors="0">
  <testcase name="selectInputForm1" time="15.645" classname="E2E_project.inputform_testcase1"/>
  <testcase name="dropDown_m" time="6.215" classname="E2E_project.dropDown_testcase2"/>
  <testcase name="inputFormSubmit_tc3_m" time="9.591" classname="E2E_project.inputFormSubmit_testcase3"/>
  <testcase name="actionClass_tc4_m" time="8.533" classname="E2E_project.actionClass_testcase4"/>
  <testcase name="javaScript_testcase5_m" time="17.381" classname="E2E_project.javaScript_testcase5">
    <failure type="org.openqa.selenium.JavascriptException" message="javascript error: Cannot read property &amp;apos;value&amp;apos; of null
  (Session info: chrome=90.0.4430.85)
Build info: version: &amp;apos;3.4.0&amp;apos;, revision: &amp;apos;unknown&amp;apos;, time: &amp;apos;unknown&amp;apos;
System info: host: &amp;apos;IN2321829W2&amp;apos;, ip: &amp;apos;192.168.1.100&amp;apos;, os.name: &amp;apos;Windows 10&amp;apos;, os.arch: &amp;apos;amd64&amp;apos;, os.version: &amp;apos;10.0&amp;apos;, java.version: &amp;apos;1.8.0_231&amp;apos;
Driver info: org.openqa.selenium.chrome.ChromeDriver
Capabilities [{networkConnectionEnabled=false, chrome={chromedriverVersion=89.0.4389.23 (61b08ee2c50024bab004e48d2b1b083cdbdac579-refs/branch-heads/4389@{#294}), userDataDir=C:\Users\RAJASE~1.MUR\AppData\Local\Temp\scoped_dir36208_1050351831}, timeouts={implicit=0.0, pageLoad=300000.0, script=30000.0}, pageLoadStrategy=normal, unhandledPromptBehavior=dismiss and notify, strictFileInteractability=false, platform=ANY, proxy=Proxy(), goog:chromeOptions={debuggerAddress=localhost:61887}, acceptInsecureCerts=false, browserVersion=90.0.4430.85, browserName=chrome, javascriptEnabled=true, platformName=windows, setWindowRect=true, webauthn:extension:largeBlob=true, webauthn:virtualAuthenticators=true}]
Session ID: 1aa23fab4df066a59048140c30fa34b9">
      <![CDATA[org.openqa.selenium.JavascriptException: javascript error: Cannot read property 'value' of null
  (Session info: chrome=90.0.4430.85)
Build info: version: '3.4.0', revision: 'unknown', time: 'unknown'
System info: host: 'IN2321829W2', ip: '192.168.1.100', os.name: 'Windows 10', os.arch: 'amd64', os.version: '10.0', java.version: '1.8.0_231'
Driver info: org.openqa.selenium.chrome.ChromeDriver
Capabilities [{networkConnectionEnabled=false, chrome={chromedriverVersion=89.0.4389.23 (61b08ee2c50024bab004e48d2b1b083cdbdac579-refs/branch-heads/4389@{#294}), userDataDir=C:\Users\RAJASE~1.MUR\AppData\Local\Temp\scoped_dir36208_1050351831}, timeouts={implicit=0.0, pageLoad=300000.0, script=30000.0}, pageLoadStrategy=normal, unhandledPromptBehavior=dismiss and notify, strictFileInteractability=false, platform=ANY, proxy=Proxy(), goog:chromeOptions={debuggerAddress=localhost:61887}, acceptInsecureCerts=false, browserVersion=90.0.4430.85, browserName=chrome, javascriptEnabled=true, platformName=windows, setWindowRect=true, webauthn:extension:largeBlob=true, webauthn:virtualAuthenticators=true}]
Session ID: 1aa23fab4df066a59048140c30fa34b9
	at org.openqa.selenium.remote.http.W3CHttpResponseCodec.createException(W3CHttpResponseCodec.java:150)
	at org.openqa.selenium.remote.http.W3CHttpResponseCodec.decode(W3CHttpResponseCodec.java:115)
	at org.openqa.selenium.remote.http.W3CHttpResponseCodec.decode(W3CHttpResponseCodec.java:45)
	at org.openqa.selenium.remote.HttpCommandExecutor.execute(HttpCommandExecutor.java:164)
	at org.openqa.selenium.remote.service.DriverCommandExecutor.execute(DriverCommandExecutor.java:82)
	at org.openqa.selenium.remote.RemoteWebDriver.execute(RemoteWebDriver.java:637)
	at org.openqa.selenium.remote.RemoteWebDriver.executeScript(RemoteWebDriver.java:573)
	at E2E_project.javaScript_testcase5.javaScript_testcase5_m(javaScript_testcase5.java:40)
... Removed 28 stack frames]]>
    </failure>
  </testcase> <!-- javaScript_testcase5_m -->
</testsuite> <!-- Test -->
